<?xml version="1.0" encoding="UTF-8"?>
<!-- Generated by org.testng.reporters.JUnitXMLReporter -->
<testsuite ignored="0" hostname="DESKTOP-5U9F6V6" failures="0" tests="6" name="RetryTest" time="18.288" errors="0" timestamp="2023-10-21T21:02:19 IST">
  <testcase classname="swagtest.SwagScript" name="LogInPage" time="1.395"/>
  <testcase classname="swagtest.SwagScript" name="ProductPage" time="0.976"/>
  <testcase classname="swagtest.SwagScript" name="Kartpage" time="0.309"/>
  <testcase classname="swagtest.SwagScript" name="Address" time="1.325"/>
  <testcase classname="swagtest.SwagScript" name="Confirm" time="0.288"/>
  <testcase classname="swagtest.SwagScript" name="Done" time="0.29"/>
</testsuite> <!-- RetryTest -->
