<?xml version="1.0" encoding="UTF-8"?>
<!-- Generated by org.testng.reporters.JUnitXMLReporter -->
<testsuite ignored="0" hostname="DESKTOP-5U9F6V6" failures="0" tests="6" name="Default test" time="13.838" errors="0" timestamp="2023-10-20T21:09:04 IST">
  <testcase classname="swagtest.SwagScript" name="LogInPage" time="1.44"/>
  <testcase classname="swagtest.SwagScript" name="ProductPage" time="0.793"/>
  <testcase classname="swagtest.SwagScript" name="Kartpage" time="0.262"/>
  <testcase classname="swagtest.SwagScript" name="Address" time="1.322"/>
  <testcase classname="swagtest.SwagScript" name="Confirm" time="0.248"/>
  <testcase classname="swagtest.SwagScript" name="Done" time="0.289"/>
</testsuite> <!-- Default test -->
