<?xml version="1.0" encoding="UTF-8"?>
<!-- Generated by org.testng.reporters.JUnitXMLReporter -->
<testsuite ignored="1" hostname="DESKTOP-5U9F6V6" failures="0" tests="13" name="demo1" time="83.541" errors="0" timestamp="2023-10-20T11:21:44 IST">
  <testcase classname="test.ActitimeValidation" name="Login" time="2.173"/>
  <testcase classname="test.ActitimeValidation" name="report" time="12.087"/>
  <testcase classname="test.ActitimeValidation" name="addnew" time="1.971"/>
  <testcase classname="test.ActitimeValidation" name="add" time="0.57"/>
  <testcase classname="test.Orangehrm" name="Loginpage" time="6.404"/>
  <testcase classname="test.Orangehrm" name="pim" time="4.579"/>
  <testcase classname="test.Orangehrm" name="AddEmploy" time="1.772"/>
  <testcase classname="test.Orangehrm" name="Add" time="2.839"/>
  <testcase classname="test.Orangehrm" name="detail" time="5.016"/>
  <testcase classname="test.Swag" name="login" time="2.404"/>
  <testcase classname="test.Swag" name="product" time="0.979"/>
  <testcase classname="test.Swag" name="kart" time="0.261"/>
  <testcase classname="test.Swag" name="details" time="1.831"/>
  <testcase classname="test.ActitimeValidation" name="customer" time="0.0">
    <ignored/>
  </testcase> <!-- customer -->
</testsuite> <!-- demo1 -->
