<?xml version="1.0" encoding="UTF-8"?>
<testng-results ignored="1" total="14" passed="13" failed="0" skipped="0">
  <reporter-output>
  </reporter-output>
  <suite started-at="2023-10-20T11:20:20 IST" name="Suite" finished-at="2023-10-20T11:21:44 IST" duration-ms="83541">
    <groups>
    </groups>
    <test started-at="2023-10-20T11:20:20 IST" name="demo1" finished-at="2023-10-20T11:21:44 IST" duration-ms="83541">
      <class name="test.Swag">
        <test-method is-config="true" signature="openwindow()[pri:0, instance:test.Swag@5c909414]" started-at="2023-10-20T11:20:52 IST" name="openwindow" finished-at="2023-10-20T11:21:00 IST" duration-ms="8176" status="PASS">
          <reporter-output>
          </reporter-output>
        </test-method> <!-- openwindow -->
        <test-method signature="login()[pri:1, instance:test.Swag@5c909414]" started-at="2023-10-20T11:21:38 IST" name="login" finished-at="2023-10-20T11:21:40 IST" duration-ms="2404" status="PASS">
          <reporter-output>
          </reporter-output>
        </test-method> <!-- login -->
        <test-method signature="product()[pri:2, instance:test.Swag@5c909414]" started-at="2023-10-20T11:21:40 IST" name="product" finished-at="2023-10-20T11:21:41 IST" duration-ms="979" status="PASS">
          <reporter-output>
          </reporter-output>
        </test-method> <!-- product -->
        <test-method signature="kart()[pri:3, instance:test.Swag@5c909414]" started-at="2023-10-20T11:21:41 IST" name="kart" finished-at="2023-10-20T11:21:41 IST" duration-ms="261" status="PASS">
          <reporter-output>
          </reporter-output>
        </test-method> <!-- kart -->
        <test-method signature="details()[pri:4, instance:test.Swag@5c909414]" started-at="2023-10-20T11:21:41 IST" name="details" finished-at="2023-10-20T11:21:43 IST" duration-ms="1831" status="PASS">
          <reporter-output>
          </reporter-output>
        </test-method> <!-- details -->
        <test-method is-config="true" signature="off()[pri:0, instance:test.Swag@5c909414]" started-at="2023-10-20T11:21:43 IST" name="off" finished-at="2023-10-20T11:21:44 IST" duration-ms="337" status="PASS">
          <reporter-output>
          </reporter-output>
        </test-method> <!-- off -->
      </class> <!-- test.Swag -->
      <class name="test.ActitimeValidation">
        <test-method is-config="true" signature="setUpDriver()[pri:0, instance:test.ActitimeValidation@1f3f4916]" started-at="2023-10-20T11:20:20 IST" name="setUpDriver" finished-at="2023-10-20T11:20:42 IST" duration-ms="21894" status="PASS">
          <reporter-output>
          </reporter-output>
        </test-method> <!-- setUpDriver -->
        <test-method signature="Login()[pri:0, instance:test.ActitimeValidation@1f3f4916]" started-at="2023-10-20T11:21:00 IST" name="Login" finished-at="2023-10-20T11:21:02 IST" duration-ms="2173" status="PASS">
          <reporter-output>
          </reporter-output>
        </test-method> <!-- Login -->
        <test-method signature="report()[pri:1, instance:test.ActitimeValidation@1f3f4916]" started-at="2023-10-20T11:21:02 IST" name="report" finished-at="2023-10-20T11:21:14 IST" duration-ms="12087" status="PASS">
          <reporter-output>
          </reporter-output>
        </test-method> <!-- report -->
        <test-method signature="addnew()[pri:2, instance:test.ActitimeValidation@1f3f4916]" started-at="2023-10-20T11:21:14 IST" name="addnew" finished-at="2023-10-20T11:21:16 IST" duration-ms="1971" status="PASS">
          <reporter-output>
          </reporter-output>
        </test-method> <!-- addnew -->
        <test-method signature="add()[pri:3, instance:test.ActitimeValidation@1f3f4916]" started-at="2023-10-20T11:21:16 IST" name="add" finished-at="2023-10-20T11:21:17 IST" duration-ms="570" status="PASS">
          <reporter-output>
          </reporter-output>
        </test-method> <!-- add -->
        <test-method is-config="true" signature="off()[pri:0, instance:test.ActitimeValidation@1f3f4916]" started-at="2023-10-20T11:21:43 IST" name="off" finished-at="2023-10-20T11:21:43 IST" duration-ms="342" status="PASS">
          <reporter-output>
          </reporter-output>
        </test-method> <!-- off -->
      </class> <!-- test.ActitimeValidation -->
      <class name="test.Orangehrm">
        <test-method is-config="true" signature="openpage()[pri:0, instance:test.Orangehrm@433d61fb]" started-at="2023-10-20T11:20:42 IST" name="openpage" finished-at="2023-10-20T11:20:52 IST" duration-ms="9745" status="PASS">
          <reporter-output>
          </reporter-output>
        </test-method> <!-- openpage -->
        <test-method signature="Loginpage()[pri:0, instance:test.Orangehrm@433d61fb]" started-at="2023-10-20T11:21:17 IST" name="Loginpage" finished-at="2023-10-20T11:21:23 IST" duration-ms="6404" status="PASS">
          <reporter-output>
          </reporter-output>
        </test-method> <!-- Loginpage -->
        <test-method signature="pim()[pri:1, instance:test.Orangehrm@433d61fb]" started-at="2023-10-20T11:21:23 IST" name="pim" finished-at="2023-10-20T11:21:28 IST" duration-ms="4579" status="PASS">
          <reporter-output>
          </reporter-output>
        </test-method> <!-- pim -->
        <test-method signature="AddEmploy()[pri:2, instance:test.Orangehrm@433d61fb]" started-at="2023-10-20T11:21:28 IST" name="AddEmploy" finished-at="2023-10-20T11:21:30 IST" duration-ms="1772" status="PASS">
          <reporter-output>
          </reporter-output>
        </test-method> <!-- AddEmploy -->
        <test-method signature="Add()[pri:3, instance:test.Orangehrm@433d61fb]" started-at="2023-10-20T11:21:30 IST" name="Add" finished-at="2023-10-20T11:21:32 IST" duration-ms="2839" status="PASS">
          <reporter-output>
          </reporter-output>
        </test-method> <!-- Add -->
        <test-method signature="detail()[pri:4, instance:test.Orangehrm@433d61fb]" started-at="2023-10-20T11:21:32 IST" name="detail" finished-at="2023-10-20T11:21:37 IST" duration-ms="5016" status="PASS">
          <reporter-output>
          </reporter-output>
        </test-method> <!-- detail -->
      </class> <!-- test.Orangehrm -->
    </test> <!-- demo1 -->
  </suite> <!-- Suite -->
</testng-results>
