<?xml version="1.0" encoding="UTF-8"?>
<testsuite xmlns:xsi="http://www.w3.org/2001/XMLSchema-instance" xsi:schemaLocation="https://maven.apache.org/surefire/maven-surefire-plugin/xsd/surefire-test-report.xsd" name="TestSuite" time="85.618" tests="13" errors="0" skipped="0" failures="0">
  <properties>
[...]
</properties>
  <testcase name="Login" classname="test.ActitimeValidation" time="2.184"/>
  <testcase name="report" classname="test.ActitimeValidation" time="12.086"/>
  <testcase name="addnew" classname="test.ActitimeValidation" time="1.971"/>
  <testcase name="add" classname="test.ActitimeValidation" time="0.582"/>
  <testcase name="Loginpage" classname="test.Orangehrm" time="6.401"/>
  <testcase name="pim" classname="test.Orangehrm" time="4.579"/>
  <testcase name="AddEmploy" classname="test.Orangehrm" time="1.77"/>
  <testcase name="Add" classname="test.Orangehrm" time="2.838"/>
  <testcase name="detail" classname="test.Orangehrm" time="5.017"/>
  <testcase name="login" classname="test.Swag" time="2.405"/>
  <testcase name="product" classname="test.Swag" time="0.973"/>
  <testcase name="kart" classname="test.Swag" time="0.261"/>
  <testcase name="details" classname="test.Swag" time="1.831"/>
</testsuite>